<?xml version="1.0" encoding="UTF-8"?>
<testsuite xmlns:xsi="http://www.w3.org/2001/XMLSchema-instance" xsi:noNamespaceSchemaLocation="https://maven.apache.org/surefire/maven-surefire-plugin/xsd/surefire-test-report-3.0.xsd" version="3.0" name="org.mousephenotype.impcsolrdocumentation.documenTestClases.OrthologMappingDocumentationTest" time="0.17" tests="1" errors="0" skipped="0" failures="0">
  <properties>
[...]
</properties>
  <testcase name="documentOrthologMapping" classname="org.mousephenotype.impcsolrdocumentation.documenTestClases.OrthologMappingDocumentationTest" time="0.064">
    <system-out><![CDATA[
  .   ____          _            __ _ _
 /\\ / ___'_ __ _ _(_)_ __  __ _ \ \ \ \
( ( )\___ | '_ | '_| | '_ \/ _` | \ \ \ \
 \\/  ___)| |_)| | | | | || (_| |  ) ) ) )
  '  |____| .__|_| |_|_| |_\__, | / / / /
 =========|_|==============|___/=/_/_/_/
 :: Spring Boot ::                (v3.2.4)

2024-04-09T14:50:04.751+01:00  INFO 39112 --- [           main] o.m.i.d.OrthologMappingDocumentationTest : Starting OrthologMappingDocumentationTest using Java 21.0.1 with PID 39112 (started by ogunes in /Users/ogunes/Documents/impc-solr-documentation)
2024-04-09T14:50:04.752+01:00  INFO 39112 --- [           main] o.m.i.d.OrthologMappingDocumentationTest : No active profile set, falling back to 1 default profile: "default"
2024-04-09T14:50:04.803+01:00  INFO 39112 --- [           main] o.s.b.a.w.s.WelcomePageHandlerMapping    : Adding welcome page: class path resource [static/index.html]
2024-04-09T14:50:04.834+01:00  INFO 39112 --- [           main] o.s.b.t.m.w.SpringBootMockServletContext : Initializing Spring TestDispatcherServlet ''
2024-04-09T14:50:04.834+01:00  INFO 39112 --- [           main] o.s.t.web.servlet.TestDispatcherServlet  : Initializing Servlet ''
2024-04-09T14:50:04.835+01:00  INFO 39112 --- [           main] o.s.t.web.servlet.TestDispatcherServlet  : Completed initialization in 0 ms
2024-04-09T14:50:04.837+01:00  INFO 39112 --- [           main] o.m.i.d.OrthologMappingDocumentationTest : Started OrthologMappingDocumentationTest in 0.092 seconds (process running for 1.307)
2024-04-09T14:50:04.841+01:00  INFO 39112 --- [           main] o.s.b.t.m.w.SpringBootMockServletContext : Initializing Spring TestDispatcherServlet ''
2024-04-09T14:50:04.841+01:00  INFO 39112 --- [           main] o.s.t.web.servlet.TestDispatcherServlet  : Initializing Servlet ''
2024-04-09T14:50:04.842+01:00  INFO 39112 --- [           main] o.s.t.web.servlet.TestDispatcherServlet  : Completed initialization in 1 ms

MockHttpServletRequest:
      HTTP Method = GET
      Request URI = /getOrthologMappingDoc
       Parameters = {}
          Headers = [Content-Type:"application/json"]
             Body = <no character encoding set>
    Session Attrs = {}

Handler:
             Type = org.mousephenotype.impcsolrdocumentation.conroller.DocumentController
           Method = org.mousephenotype.impcsolrdocumentation.conroller.DocumentController#getOrthologMapping()

Async:
    Async started = false
     Async result = null

Resolved Exception:
             Type = null

ModelAndView:
        View name = null
             View = null
            Model = null

FlashMap:
       Attributes = null

MockHttpServletResponse:
           Status = 200
    Error message = null
          Headers = [Content-Type:"application/json"]
     Content type = application/json
             Body = {"hgHgncAccId":"hg123","hgSymbol":"HG","hmfCategoryForThreshold":"Category","hmfHumanGeneId":456,"hmfId":789,"hmfOrthologsAboveThreshold":3,"hmfSupportCountThreshold":10,"id":"exampleId","mgMgiGeneAccId":"mg123","mgSymbol":"MG","mmfCategoryForThreshold":"Category","mmfId":987,"mmfMouseGeneId":654,"mmfOrthologsAboveThreshold":5,"mmfSupportCountThreshold":8,"oid":654,"ocategory":"Category","osupport":"Support","osupportRaw":"Raw Support","ohumanGeneId":321,"oisMaxHumanToMouse":"Yes","oisMaxMouseToHuman":"No","omouseGeneId":987,"osupportCount":12}
    Forwarded URL = null
   Redirected URL = null
          Cookies = []
]]></system-out>
  </testcase>
</testsuite>