<?xml version="1.0" encoding="UTF-8"?>
<testsuite xmlns:xsi="http://www.w3.org/2001/XMLSchema-instance" xsi:noNamespaceSchemaLocation="https://maven.apache.org/surefire/maven-surefire-plugin/xsd/surefire-test-report-3.0.xsd" version="3.0" name="org.mousephenotype.impcsolrdocumentation.documenTestClases.GeneDocumentationTest" time="0.024" tests="1" errors="0" skipped="0" failures="0">
  <properties>
[...]
</properties>
  <testcase name="documentExperiment" classname="org.mousephenotype.impcsolrdocumentation.documenTestClases.GeneDocumentationTest" time="0.021">
    <system-out><![CDATA[2024-04-18T14:19:12.312+01:00  INFO 10643 --- [           main] o.s.b.t.m.w.SpringBootMockServletContext : Initializing Spring TestDispatcherServlet ''
2024-04-18T14:19:12.312+01:00  INFO 10643 --- [           main] o.s.t.web.servlet.TestDispatcherServlet  : Initializing Servlet ''
2024-04-18T14:19:12.312+01:00  INFO 10643 --- [           main] o.s.t.web.servlet.TestDispatcherServlet  : Completed initialization in 0 ms

MockHttpServletRequest:
      HTTP Method = GET
      Request URI = /getGeneDoc
       Parameters = {}
          Headers = [Content-Type:"application/json"]
             Body = <no character encoding set>
    Session Attrs = {}

Handler:
             Type = org.mousephenotype.impcsolrdocumentation.conroller.DocumentController
           Method = org.mousephenotype.impcsolrdocumentation.conroller.DocumentController#getGene()

Async:
    Async started = false
     Async result = null

Resolved Exception:
             Type = null

ModelAndView:
        View name = null
             View = null
            Model = null

FlashMap:
       Attributes = null

MockHttpServletResponse:
           Status = 200
    Error message = null
          Headers = [Content-Type:"application/json"]
     Content type = application/json
             Body = {"allele_accession_id":["MGI:123456"],"allele_name":["Allele Name 1","Allele Name 2"],"alt_mp_id":["MP:0000001","MP:0000002"],"annotated_higher_level_ma_term_name":["Term 1","Term 2"],"annotated_higher_level_mp_term_name":["Term 3","Term 4"],"assignment_status":"Assigned","ccds_id":["CCDS:1234","CCDS:5678"],"child_ma_id":["MA:0000001","MA:0000002"],"child_ma_term":["Child MA Term 1","Child MA Term 2"],"child_ma_term_synonym":["Synonym 1","Synonym 2"],"child_mp_id":["MP:0000003","MP:0000004"],"child_mp_term":["Child MP Term 1","Child MP Term 2"],"child_mp_term_synonym":["Child Synonym 1","Child Synonym 2"],"chr_end":10000,"chr_name":"Chr1","chr_start":5000,"chr_strand":"+","clan_acc":["Clan 1","Clan 2"],"clan_desc":["Clan Desc 1","Clan Desc 2"],"clan_id":["Clan ID 1","Clan ID 2"],"conditional_allele_production_status":"Complete","crispr_allele_production_status":"Pending","data_type":"Genomic","datasets_raw_data":"RawData123","disease_alts":["Disease Alt 1","Disease Alt 2"],"disease_classes":["Disease Class 1","Disease Class 2"],"disease_human_phenotypes":"None","disease_id":["Disease ID 1","Disease ID 2"],"disease_source":["Source 1","Source 2"],"disease_term":["Disease Term 1","Disease Term 2"],"dmdd_image_data_available":true,"dmdd_lethal_data_available":false,"embryo_analysis_view_name":"EmbryoView1","embryo_analysis_view_url":"http://example.com/embryo","embryo_data_available":true,"embryo_modalities":["Modality 1","Modality 2"],"ensembl_gene_id":["ENSG00000123456","ENSG00000123457"],"es_cell_production_status":"In Progress","evid_code_rank":1,"exp_name":["Experiment 1","Experiment 2"],"go_count":5,"go_term_def":["GO Definition 1","GO Definition 2"],"go_term_domain":["Domain 1","Domain 2"],"go_term_evid":["Evidence 1","Evidence 2"],"go_term_id":["GO:0000001","GO:0000002"],"go_term_name":["GO Name 1","GO Name 2"],"go_uniprot":["UniProt 1","UniProt 2"],"has_qc":1,"hp_id":["HP:0000001","HP:0000002"],"hp_term":["HP Term 1","HP Term 2"],"human_curated":[true,false],"human_gene_symbol":["Gene Symbol 1","Gene Symbol 2"],"human_symbol_synonym":["Synonym1","Synonym2"],"impc_novel_predicted_in_locus":[true,false],"impc_predicted":[true,true],"impc_predicted_in_locus":"Locus1","impc_predicted_known_gene":[true,false],"inferred_child_ma_id":["MA:0000003","MA:0000004"],"inferred_child_ma_term":["Inferred Child MA Term 1","Inferred Child MA Term 2"],"inferred_child_ma_term_synonym":["Inferred Synonym 1","Inferred Synonym 2"],"inferred_ma_id":["MA:0000005","MA:0000006"],"inferred_ma_term":["Inferred MA Term 1","Inferred MA Term 2"],"inferred_ma_term_synonym":["Inferred Term Synonym 1","Inferred Term Synonym 2"],"inferred_selected_top_level_ma_id":["MA:0000007","MA:0000008"],"inferred_selected_top_level_ma_term":["Selected MA Term 1","Selected MA Term 2"],"inferred_selected_top_level_ma_term_synonym":["Selected Term Synonym 1","Selected Term Synonym 2"],"intermediate_mp_id":["MP:0000005","MP:0000006"],"intermediate_mp_term":["Intermediate MP Term 1","Intermediate MP Term 2"],"intermediate_mp_term_synonym":["Intermediate MP Synonym 1","Intermediate MP Synonym 2"],"is_idg_gene":true,"is_umass_gene":false,"ma_id":["MA:0000009","MA:0000010"],"ma_term":["MA Term 1","MA Term 2"],"ma_term_definition":["MA Definition 1","MA Definition 2"],"ma_term_synonym":["MA Synonym 1","MA Synonym 2"],"marker_name":"Marker Name Example","marker_symbol":"MkSym","marker_synonym":["Marker Synonym 1","Marker Synonym 2"],"marker_type":"Marker Type Example","mgi_accession_id":"MGI:0000001","mgi_novel_predicted_in_locus":[true,false],"mgi_predicted":[false,true],"mgi_predicted_in_locus":"In Locus Example","mgi_predicted_known_gene":[true,true],"mouse_curated":[true,false],"mouse_production_status":"Production Status Example","mp_id":["MP:0000007","MP:0000008"],"mp_term":["MP Term 1","MP Term 2"],"mp_term_definition":["MP Definition 1","MP Definition 2"],"mp_term_synonym":["MP Synonym 1","MP Synonym 2"],"ncbi_id":["NCBI:0000001","NCBI:0000002"],"not_significant_top_level_mp_terms":["Not Significant MP Term 1","Not Significant MP Term 2"],"null_allele_production_status":"Null Production Status Example","p_value":[0.01,0.05],"parameter_name":["Parameter Name 1","Parameter Name 2"],"parameter_stable_id":["Stable ID 1","Stable ID 2"],"pfama_acc":["Pfam Acc 1","Pfam Acc 2"],"pfama_go_cat":["GO Category 1","GO Category 2"],"pfama_go_id":["GO:0000003","GO:0000004"],"pfama_go_term":["GO Term 1","GO Term 2"],"pfama_id":["Pfam ID 1","Pfam ID 2"],"pfama_json":["{\"key\": \"value\"}","{\"key\": \"value2\"}"],"phenotype_status":"Phenotype Status Example","phenotyping_centre":["Centre 1","Centre 2"],"phenotyping_data_available":true,"pipeline_name":["Pipeline Name 1","Pipeline Name 2"],"pipeline_stable_id":["Pipeline Stable ID 1","Pipeline Stable ID 2"],"proc_param_name":["Param Name 1","Param Name 2"],"proc_param_stable_id":["Param Stable ID 1","Param Stable ID 2"],"procedure_name":["Procedure Name 1","Procedure Name 2"],"procedure_stable_id":["Procedure Stable ID 1","Procedure Stable ID 2"],"production_centre":["Production Centre 1","Production Centre 2"],"scdb_id":["SCDB ID 1","SCDB ID 2"],"scdb_link":["http://example.com/scdb1","http://example.com/scdb2"],"selected_top_level_ma_id":["Selected MA ID 1","Selected MA ID 2"],"selected_top_level_ma_term":["Selected MA Term 1","Selected MA Term 2"],"selected_top_level_ma_term_id":"Selected MA Term ID Example","selected_top_level_ma_term_synonym":["Selected MA Term Synonym 1","Selected MA Term Synonym 2"],"seq_region_end":123456789,"seq_region_id":"Region ID Example","seq_region_start":987654321,"significant_top_level_mp_terms":["Significant MP Term 1","Significant MP Term 2"],"subtype":["Subtype 1","Subtype 2"],"top_level_mp_definition":"Top Level MP Definition Example","top_level_mp_id":["Top MP ID 1","Top MP ID 2"],"top_level_mp_term":["Top MP Term 1","Top MP Term 2"],"top_level_mp_term_synonym":["Top MP Term Synonym 1","Top MP Term Synonym 2"],"type":"Type Example","vega_id":["Vega ID 1","Vega ID 2"],"xref":["Xref 1","Xref 2"]}
    Forwarded URL = null
   Redirected URL = null
          Cookies = []
]]></system-out>
  </testcase>
</testsuite>