<?xml version="1.0" encoding="UTF-8"?>
<testsuite xmlns:xsi="http://www.w3.org/2001/XMLSchema-instance" xsi:noNamespaceSchemaLocation="https://maven.apache.org/surefire/maven-surefire-plugin/xsd/surefire-test-report-3.0.xsd" version="3.0" name="org.mousephenotype.impcsolrdocumentation.documenTestClases.PipelineDocumentationTest" time="0.02" tests="1" errors="0" skipped="0" failures="0">
  <properties>
[...]
</properties>
  <testcase name="documentPipeline" classname="org.mousephenotype.impcsolrdocumentation.documenTestClases.PipelineDocumentationTest" time="0.016">
    <system-out><![CDATA[2024-04-17T15:49:35.061+01:00  INFO 24070 --- [           main] o.s.b.t.m.w.SpringBootMockServletContext : Initializing Spring TestDispatcherServlet ''
2024-04-17T15:49:35.061+01:00  INFO 24070 --- [           main] o.s.t.web.servlet.TestDispatcherServlet  : Initializing Servlet ''
2024-04-17T15:49:35.061+01:00  INFO 24070 --- [           main] o.s.t.web.servlet.TestDispatcherServlet  : Completed initialization in 0 ms

MockHttpServletRequest:
      HTTP Method = GET
      Request URI = /getPipelineDoc
       Parameters = {}
          Headers = [Content-Type:"application/json"]
             Body = <no character encoding set>
    Session Attrs = {}

Handler:
             Type = org.mousephenotype.impcsolrdocumentation.conroller.DocumentController
           Method = org.mousephenotype.impcsolrdocumentation.conroller.DocumentController#getPipeline()

Async:
    Async started = false
     Async result = null

Resolved Exception:
             Type = null

ModelAndView:
        View name = null
             View = null
            Model = null

FlashMap:
       Attributes = null

MockHttpServletResponse:
           Status = 200
    Error message = null
          Headers = [Content-Type:"application/json"]
     Content type = application/json
             Body = {"fullyQualifiedName":"Pipeline","dataType":"String","version":1,"parameterId":101,"parameterStableId":"PARAM_001","parameterName":"Parameter Name Example","parameterStableKey":102,"procedureId":201,"procedureStableId":"PROC_001","procedureName":"Procedure Name Example","procedureStableKey":202,"pipelineId":301,"pipelineStableId":"PIPE_001","pipelineName":"Pipeline Name Example","pipelineStableKey":302,"required":true,"observationType":"Observation Type Example","mpTerms":["MP:0000001","MP:0000002"],"description":"Description Example","unitX":"cm","unitY":"kg","metadata":true,"increment":true,"categories":["Category 1","Category 2"],"hasOptions":false,"derived":false,"media":true,"annotate":false,"comparableParameterGroup":"Group Example","experimentLevel":"Level Example","stage":"Stage Example","stageLabel":"Stage Label Example","scheduleKey":401,"mpId":["MP:0000003","MP:0000004"],"mpTerm":["term1","term2"],"mpTermSynonym":["synonym1","synonym2"],"topLevelMpId":["MP:0000005"],"topLevelMpTerm":["top level term"],"topLevelMpTermSynonym":["top level synonym"],"intermediateMpId":["MP:0000006"],"intermediateMpTerm":["intermediate term"],"intermediateMpTermSynonym":["intermediate synonym"],"abnormalMpId":["MP:0000007"],"increasedMpId":["MP:0000008"],"decreasedMpId":["MP:0000009"],"abnormalMpTerm":["abnormal term"],"increasedMpTerm":["increased term"],"decreasedMpTerm":["decreased term"],"hpId":["HP:0000001","HP:0000002"],"hpTerm":["HP term 1","HP term 2"],"inferredMaId":"MA:0000001","inferredSelectedTopLevelMaId":"MA:0000002","inferredSelectedTopLevelMaTerm":"top level MA term","maId":"MA:0000003","maTerm":"MA term","maTermSynonym":["MA synonym 1","MA synonym 2"],"emapId":"EMAP:0000001","emapTerm":"EMAP term","anatomyId":"A:0000001","anatomyTerm":"anatomy term","anatomyTermSynonym":["anatomy synonym"],"embryoAnatomyId":"E:0000001","embryoAnatomyTerm":"embryo anatomy term","topLevelEmbryoAnatomyId":["E:0000002"],"topLevelEmbryoAnatomyTerm":["top level embryo anatomy term"],"mouseAnatomyId":"M:0000001","mouseAnatomyTerm":"mouse anatomy term","topLevelMouseAnatomyId":["M:0000002"],"topLevelMouseAnatomyTerm":["top level mouse anatomy term"],"imitsPhenotypeStarted":["started1","started2"],"imitsPhenotypeComplete":["complete1","complete2"],"imitsPhenotypeStatus":["status1","status2"]}
    Forwarded URL = null
   Redirected URL = null
          Cookies = []
]]></system-out>
  </testcase>
</testsuite>