<?xml version="1.0" encoding="UTF-8"?>
<testsuite xmlns:xsi="http://www.w3.org/2001/XMLSchema-instance" xsi:noNamespaceSchemaLocation="https://maven.apache.org/surefire/maven-surefire-plugin/xsd/surefire-test-report-3.0.xsd" version="3.0" name="org.mousephenotype.impcsolrdocumentation.documenTestClases.ImpcImagesDocumentationTest" time="0.037" tests="1" errors="0" skipped="0" failures="0">
  <properties>
[...]
</properties>
  <testcase name="documentImpcImages" classname="org.mousephenotype.impcsolrdocumentation.documenTestClases.ImpcImagesDocumentationTest" time="0.033">
    <system-out><![CDATA[2024-04-09T14:50:05.016+01:00  INFO 39112 --- [           main] o.s.b.t.m.w.SpringBootMockServletContext : Initializing Spring TestDispatcherServlet ''
2024-04-09T14:50:05.016+01:00  INFO 39112 --- [           main] o.s.t.web.servlet.TestDispatcherServlet  : Initializing Servlet ''
2024-04-09T14:50:05.016+01:00  INFO 39112 --- [           main] o.s.t.web.servlet.TestDispatcherServlet  : Completed initialization in 0 ms

MockHttpServletRequest:
      HTTP Method = GET
      Request URI = /getImpcImagesDoc
       Parameters = {}
          Headers = [Content-Type:"application/json"]
             Body = <no character encoding set>
    Session Attrs = {}

Handler:
             Type = org.mousephenotype.impcsolrdocumentation.conroller.DocumentController
           Method = org.mousephenotype.impcsolrdocumentation.conroller.DocumentController#getImpcImages()

Async:
    Async started = false
     Async result = null

Resolved Exception:
             Type = null

ModelAndView:
        View name = null
             View = null
            Model = null

FlashMap:
       Attributes = null

MockHttpServletResponse:
           Status = 200
    Error message = null
          Headers = [Content-Type:"application/json"]
     Content type = application/json
             Body = {"id":"1","observationId":"obs-001","specimenId":"spec-001","phenotypingCenterId":100,"phenotypingCenter":"Center A","productionCenterId":101,"productionCenter":"Center B","specimenProjectId":200,"specimenProjectName":"Project X","geneAccessionId":"Gene-001","geneSymbol":"Gn1","alleleAccessionId":"Allele-001","alleleSymbol":"Al1","zygosity":"Homozygous","sex":"Male","biologicalModelId":300,"biologicalSampleId":301,"biologicalSampleGroup":"Group 1","strainAccessionId":"Strain-001","strainName":"Strain A","geneticBackground":"Background 1","allelicComposition":"Comp 1","colonyId":"Colony-001","litterId":"Litter-001","dateOfBirth":"2020-01-01","externalSampleId":"ExtSample-001","lifeStageName":"Adult","lifeStageAcc":"LS-001","datasourceId":400,"datasourceName":"DataSource A","projectId":500,"projectName":"Project Y","pipelineId":600,"pipelineName":"Pipeline Z","pipelineStableId":"PSI-001","procedureId":700,"procedureName":"Procedure 1","procedureStableId":"PS-001","procedureGroup":"Group 2","parameterId":800,"parameterName":"Parameter 1","parameterStableId":"Param-001","procedureSequenceId":"Seq-001","experimentId":"Exp-001","observationType":"Type 1","dataType":"Data Type 1","experimentSourceId":"Source-001","dateOfExperiment":"2024-04-09","weightParameterStableId":"WPID-001","weightDate":"2020-06-15","weightDaysOld":100,"weight":20.5,"dataPoint":5.5,"orderIndex":1,"dimension":"Dimension 1","timePoint":"Day 1","discretePoint":1.5,"category":"Category 1","rawCategory":"Raw Category 1","metadata":["Meta1","Meta2"],"metadataGroup":"Metadata Group 1","mpId":["MPID-1","MPID-2"],"mpTerm":["Term 1","Term 2"],"topLevelMpId":["TL-MPID-1","TL-MPID-2"],"topLevelMpTerm":["Top Level Term 1","Top Level Term 2"],"intermediateMpId":["IMPID-1","IMPID-2"],"intermediateMpTerm":["Intermediate Term 1","Intermediate Term 2"],"anatomyId":["AnatomyID-1","AnatomyID-2"],"anatomyTerm":["Anatomy Term 1","Anatomy Term 2"],"anatomyIdTerm":["AnatomyIDTerm-1","AnatomyIDTerm-2"],"anatomyTermSynonym":["Synonym 1","Synonym 2"],"topLevelAnatomyId":["TLAnatomyID-1","TLAnatomyID-2"],"topLevelAnatomyTerm":["TL Anatomy Term 1","TL Anatomy Term 2"],"topLevelAnatomyTermSynonym":null,"selectedTopLevelAnatomyId":["STLAnatomyID-1","STLAnatomyID-2"],"selectedTopLevelAnatomyTerm":["Selected TL Anatomy Term 1","Selected TL Anatomy Term 2"],"selectedTopLevelAnatomyTermSynonym":null,"intermediateAnatomyId":["IAnatomyID-1","IAnatomyID-2"],"intermediateAnatomyTerm":["Intermediate Anatomy Term 1","Intermediate Anatomy Term 2"],"intermediateAnatomyTermSynonym":null,"parentAnatomyId":["ParentAnatomyID-1","ParentAnatomyID-2"],"parentAnatomyTerm":["Parent Anatomy Term 1","Parent Anatomy Term 2"],"parentAnatomyTermSynonym":null,"childAnatomyId":["ChildAnatomyID-1","ChildAnatomyID-2"],"childAnatomyTerm":["Child Anatomy Term 1","Child Anatomy Term 2"],"childAnatomyTermSynonym":null,"downloadFilePath":"/path/to/download","imageLink":"http://example.com/image","fileType":"jpeg","parameterAssociationStableId":["PAStableID-1","PAStableID-2"],"parameterAssociationSequenceId":["PASeqID-1","PASeqID-2"],"parameterAssociationDimId":["PADimID-1","PADimID-2"],"parameterAssociationName":["PA Name 1","PA Name 2"],"parameterAssociationValue":["PA Value 1","PA Value 2"],"developmentalStageAcc":"DevStageAcc-1","developmentalStageName":"Development Stage 1","textValue":"Some text value","subTermId":["SubTermID-1","SubTermID-2"],"subTermName":["SubTerm Name 1","SubTerm Name 2"],"subTermDescription":["SubTerm Description 1","SubTerm Description 2"],"sequenceId":123,"ageInDays":45,"ageInWeeks":6,"downloadUrl":"http://example.com/download","jpegUrl":"http://example.com/jpeg","thumbnailUrl":"http://example.com/thumbnail","omeroId":"OmeroID-1"}
    Forwarded URL = null
   Redirected URL = null
          Cookies = []
]]></system-out>
  </testcase>
</testsuite>