<?xml version="1.0" encoding="UTF-8"?>
<testsuite xmlns:xsi="http://www.w3.org/2001/XMLSchema-instance" xsi:noNamespaceSchemaLocation="https://maven.apache.org/surefire/maven-surefire-plugin/xsd/surefire-test-report-3.0.xsd" version="3.0" name="org.mousephenotype.impcsolrdocumentation.documenTestClases.ImagesDocumentationTest" time="0.025" tests="1" errors="0" skipped="0" failures="0">
  <properties>
[...]
</properties>
  <testcase name="documentImages" classname="org.mousephenotype.impcsolrdocumentation.documenTestClases.ImagesDocumentationTest" time="0.021">
    <system-out><![CDATA[2024-04-04T11:21:49.543+01:00  INFO 97686 --- [           main] o.s.b.t.m.w.SpringBootMockServletContext : Initializing Spring TestDispatcherServlet ''
2024-04-04T11:21:49.543+01:00  INFO 97686 --- [           main] o.s.t.web.servlet.TestDispatcherServlet  : Initializing Servlet ''
2024-04-04T11:21:49.543+01:00  INFO 97686 --- [           main] o.s.t.web.servlet.TestDispatcherServlet  : Completed initialization in 0 ms

MockHttpServletRequest:
      HTTP Method = GET
      Request URI = /getImagesDoc
       Parameters = {}
          Headers = [Content-Type:"application/json"]
             Body = <no character encoding set>
    Session Attrs = {}

Handler:
             Type = org.mousephenotype.impcsolrdocumentation.conroller.DocumentController
           Method = org.mousephenotype.impcsolrdocumentation.conroller.DocumentController#getImages()

Async:
    Async started = false
     Async result = null

Resolved Exception:
             Type = null

ModelAndView:
        View name = null
             View = null
            Model = null

FlashMap:
       Attributes = null

MockHttpServletResponse:
           Status = 200
    Error message = null
          Headers = [Content-Type:"application/json"]
     Content type = application/json
             Body = {"id":"EXP001","dataType":"Experiment Type","mouseId":123,"gender":"Male","colonyName":"Colony A","genotype":"Homozygous","tagName":["Tag1","Tag2"],"tagValue":["Value1","Value2"],"annotationTermId":["Term1","Term2"],"annotationTermName":["Name1","Name2"],"name":"Experiment Name","accession":"ACC001","alleleAccession":"AlleleAcc001","expName":["Exp1","Exp2"],"procedureName":["Procedure1","Procedure2"],"expDescription":["Description1","Description2"],"liveSampleGroup":["Group1","Group2"],"fullResolutionFilePath":"/path/to/full/resolution/file","largeThumbnailFilePath":"/path/to/large/thumbnail","originalFileName":"original_filename.jpg","smallThumbnailFilePath":"/path/to/small/thumbnail","ageInWeeks":"5","symbol":["Symbol1","Symbol2"],"institute":"Institute A","sangerSymbol":["Sanger1","Sanger2"],"geneName":["Gene1","Gene2"],"subtype":["Subtype1","Subtype2"],"geneSynonyms":["Synonym1","Synonym2"],"alleleName":["Allele1","Allele2"],"maTermName":["MATerm1","MATerm2"],"mpTermId":["MPTermId1","MPTermId2"],"mpTermName":["MPTermName1","MPTermName2"],"expNameExp":["ExpNameExp1","ExpNameExp2"],"symbolGene":["SymbolGene1","SymbolGene2"],"topLevel":["TopLevel1","TopLevel2"],"liveSampleId":["LiveSampleId1","LiveSampleId2"],"dcfId":"DCF001","dcfExpId":"DCFExp001","sangerProcedureName":"SangerProcedure A","sangerProcedureId":456,"genotypeString":"Genotype A","embryoDataAvailable":true,"phenotypingCenterId":789,"phenotypingCenter":"Phenotyping Center A","geneAccession":"GeneAcc001","geneSymbol":"GeneSymbol A","zygosity":"Heterozygous","sex":"Female","biologicalModelId":101112,"biologicalSampleId":131415,"biologicalSampleGroup":"Sample Group A","colonyId":161718,"dateOfBirth":"2021-01-01","externalSampleId":"ExternalSample001","pipelineId":192021,"pipelineName":"Pipeline A","pipelineStableId":"PipelineStable001","procedureId":222324,"procedureStableId":"ProcedureStable001","parameterId":252627,"parameterName":"Parameter A","parameterStableId":"ParameterStable001","experimentId":282930,"experimentSourceId":"ExperimentSource001","dateOfExperiment":"2021-02-01","mgiAccessionId":["MGI:123456","MGI:789012"],"markerSymbol":["Symbol1","Symbol2"],"markerName":["Marker Name 1","Marker Name 2"],"markerSynonym":["Synonym1","Synonym2"],"markerType":["Type1","Type2"],"humanGeneSymbol":["Human Symbol 1","Human Symbol 2"],"status":["Status1","Status2"],"latestProductionCentre":["Centre1","Centre2"],"latestPhenotypingCentre":["Phenotyping Centre1","Phenotyping Centre2"],"latestPhenotypeStatus":["Status1","Status2"],"legacyPhenotypeStatus":1,"diseaseId":["Disease1","Disease2"],"diseaseSource":["Source1","Source2"],"diseaseTerm":["Term1","Term2"],"diseaseAlts":["Alt1","Alt2"],"diseaseClasses":["Class1","Class2"],"humanCurated":[true,false],"mouseCurated":[true,false],"mgiPredicted":[true,false],"impcPredicted":[true,false],"mgiPredictedKnownGene":[true,false],"impcPredictedKnownGene":[true,false],"mgiNovelPredictedInLocus":[true,false],"impcNovelPredictedInLocus":[true,false],"mpId":["MP:0000001","MP:0000002"],"mpTerm":["Term1","Term2"],"mpTermSynonym":["Synonym1","Synonym2"],"topLevelMpId":["MP:0000003","MP:0000004"],"topLevelMpTerm":["Top Level Term1","Top Level Term2"],"topLevelMpTermSynonym":["Top Level Synonym1","Top Level Synonym2"],"intermediateMpId":["MP:0000005","MP:0000006"],"intermediateMpTerm":["Intermediate Term1","Intermediate Term2"],"intermediateMpTermSynonym":["Intermediate Synonym1","Intermediate Synonym2"],"childMpId":["MP:0000007","MP:0000008"],"childMpTerm":["Child Term1","Child Term2"],"childMpTermSynonym":["Child Synonym1","Child Synonym2"],"annotatedHigherLevelMpTermId":["MP:0000009","MP:0000010"],"annotatedHigherLevelMpTermName":["Annotated Term1","Annotated Term2"],"maId":["MA:0000001","MA:0000002"],"maTerm":["MATerm1","MATerm2"],"maTermSynonym":["MASynonym1","MASynonym2"],"selectedTopLevelMaId":["MA:0000003","MA:0000004"],"selectedTopLevelMaTerm":["Selected MA Term1","Selected MA Term2"],"selectedTopLevelMaTermSynonym":["Selected MA Synonym1","Selected MA Synonym2"],"childMaId":["MA:0000005","MA:0000006"],"childMaTerm":["Child MATerm1","Child MATerm2"],"childMaTermSynonym":["Child MASynonym1","Child MASynonym2"],"hpId":["HP:0000001","HP:0000002"],"hpTerm":["HPTerm1","HPTerm2"],"text":["Text1","Text2"],"autoSuggest":["Suggest1","Suggest2"],"textSearch":["Search1","Search2"],"geneQf":["GeneQF1","GeneQF2"],"mpQf":["MPQF1","MPQF2"],"diseaseQf":["DiseaseQF1","DiseaseQF2"],"maQf":["MAQF1","MAQF2"],"xstart":[1.0],"xend":[2.0],"ystart":[1.0],"yend":[2.0],"pvalue":[0.01,0.05]}
    Forwarded URL = null
   Redirected URL = null
          Cookies = []
]]></system-out>
  </testcase>
</testsuite>