<?xml version="1.0" encoding="UTF-8"?>
<testsuite xmlns:xsi="http://www.w3.org/2001/XMLSchema-instance" xsi:noNamespaceSchemaLocation="https://maven.apache.org/surefire/maven-surefire-plugin/xsd/surefire-test-report-3.0.xsd" version="3.0" name="org.mousephenotype.impcsolrdocumentation.documenTestClases.EssentialGenesDocumentationTest" time="0.046" tests="1" errors="0" skipped="0" failures="0">
  <properties>
[...]
</properties>
  <testcase name="documentEssentialGenes" classname="org.mousephenotype.impcsolrdocumentation.documenTestClases.EssentialGenesDocumentationTest" time="0.044">
    <system-out><![CDATA[2024-05-20T09:37:18.081+01:00  INFO 59466 --- [           main] o.s.b.t.m.w.SpringBootMockServletContext : Initializing Spring TestDispatcherServlet ''
2024-05-20T09:37:18.081+01:00  INFO 59466 --- [           main] o.s.t.web.servlet.TestDispatcherServlet  : Initializing Servlet ''
2024-05-20T09:37:18.081+01:00  INFO 59466 --- [           main] o.s.t.web.servlet.TestDispatcherServlet  : Completed initialization in 0 ms

MockHttpServletRequest:
      HTTP Method = GET
      Request URI = /getEssentialGenesDoc
       Parameters = {}
          Headers = [Content-Type:"application/json"]
             Body = <no character encoding set>
    Session Attrs = {}

Handler:
             Type = org.mousephenotype.impcsolrdocumentation.conroller.DocumentController
           Method = org.mousephenotype.impcsolrdocumentation.conroller.DocumentController#getEssentialGenes()

Async:
    Async started = false
     Async result = null

Resolved Exception:
             Type = null

ModelAndView:
        View name = null
             View = null
            Model = null

FlashMap:
       Attributes = null

MockHttpServletResponse:
           Status = 200
    Error message = null
          Headers = [Content-Type:"application/json"]
     Content type = application/json
             Body = {"age_entrez_acc_id":1000000,"age_human_gene_id":2000000,"age_id":3000000,"age_mean_gene_effect":1.2,"age_raw_data_id":4000000,"cav_allele_accession_id":"CAV:123456","cav_allele_symbol":"Cav1","cav_category":["Category1","Category2"],"clin_date":"2024-05-20T08:37:18.082+00:00","clin_haploinsufficiency":"Low","clin_human_gene_id":5000000,"clin_id":6000000,"clin_report":"ClinReport1","clin_triplosensitivity":"High","f_bin":"Fbin1","f_bin_code":"Fcode1","f_id":7000000,"f_ortholog_id":8000000,"gnp_brain_expression":"High","gnp_cds_length":9000000,"gnp_chromosome":"X","gnp_classic_caf":0.01,"gnp_classic_caf_afr":0.02,"gnp_classic_caf_amr":0.03,"gnp_classic_caf_asj":0.04,"gnp_classic_caf_eas":0.05,"gnp_classic_caf_fin":0.06,"gnp_classic_caf_nfe":0.07,"gnp_classic_caf_oth":0.08,"gnp_classic_caf_sas":0.09,"gnp_constraint_flag":"None","gnp_defined":1,"gnp_end_position":1001000,"gnp_exac_exp_lof":0.1,"gnp_exac_obs_lof":10,"gnp_exac_oe_lof":0.2,"gnp_exac_pli":0.3,"gnp_exp_hom_lof":0.4,"gnp_exp_lof":0.5,"gnp_exp_mis":0.6,"gnp_exp_mis_pphen":0.7,"gnp_exp_syn":0.8,"gnp_gene_id":"GNP:123456","gnp_gene_length":10000,"gnp_gene_symbol":"Gnp1","gnp_gene_type":"Coding","gnp_human_gene_id":1100000,"gnp_id":1200000,"gnp_lof_z":0.9,"gnp_max_af":0.01,"gnp_mis_z":1.0,"gnp_mu_lof":1.1,"gnp_mu_mis":1.2,"gnp_mu_syn":1.3,"gnp_n_sites":100,"gnp_no_lofs":10,"gnp_num_coding_exons":20,"gnp_obs_het_lof":5,"gnp_obs_hom_lof":2,"gnp_obs_lof":100,"gnp_obs_mis":30,"gnp_obs_mis_pphen":15,"gnp_obs_syn":25,"gnp_oe_lof":1.4,"gnp_oe_lof_lower":1.2,"gnp_oe_lof_upper":1.6,"gnp_oe_lof_upper_bin":100,"gnp_oe_lof_upper_bin6":60,"gnp_oe_lof_upper_rank":50,"gnp_oe_mis":1.5,"gnp_oe_mis_lower":1.3,"gnp_oe_mis_pphen":1.7,"gnp_oe_mis_upper":1.8,"gnp_oe_syn":1.9,"gnp_oe_syn_lower":1.7,"gnp_oe_syn_upper":2.0,"gnp_p":0.01,"gnp_p_afr":0.02,"gnp_p_amr":0.03,"gnp_p_asj":0.04,"gnp_p_eas":0.05,"gnp_p_fin":0.06,"gnp_p_nfe":0.07,"gnp_p_oth":0.08,"gnp_p_sas":0.09,"gnp_pli":2.1,"gnp_pnull":2.2,"gnp_possible_lof":40,"gnp_possible_mis":50,"gnp_possible_mis_pphen":25,"gnp_possible_syn":35,"gnp_prec":2.3,"gnp_start_position":999000,"gnp_syn_z":2.4,"gnp_transcript":"Transcript1","gnp_transcript_level":1,"gnp_transcript_type":"mRNA","hg_ensembl_gene_acc_id":"ENSG00000123456","hg_entrez_gene_acc_id":1000001,"hg_hgnc_acc_id":"HGNC:123","hg_id":1000002,"hg_name":"Human Gene 1","hg_symbol":"HG1","hgnc_agr_acc_id":"AGR:123456789","hgnc_alias_name":"HG1 Alias","hgnc_alias_symbol":"HGA1","hgnc_bioparadigms_slc":"SLC:12345","hgnc_ccds_acc_id":"CCDS12345","hgnc_cd":"CD12345","hgnc_cosmic":"COSM123456","hgnc_date_approved_reserved":"2020-01-01T00:00:00.000+00:00","hgnc_date_modified":"2021-01-01T00:00:00.000+00:00","hgnc_date_name_changed":"2022-01-01T00:00:00.000+00:00","hgnc_date_symbol_changed":"2023-01-01T00:00:00.000+00:00","hgnc_ena":"ENA12345","hgnc_ensembl_gene_acc_id":"ENSG00000123457","hgnc_entrez_acc_id":1000003,"hgnc_enzyme_acc_id":"EC:3.1.3.1","hgnc_gencc":"GenCC12345","hgnc_gene_group":"Gene Group 1","hgnc_gene_group_acc_id":"GGAI:12345","hgnc_gtrnadb":"gtrnaDB12345","hgnc_hgnc_acc_id":"HGNC:123","hgnc_homeodb":1000004,"hgnc_horde_acc_id":"HordeID12345","hgnc_human_gene_id":1000005,"hgnc_id":1000006,"hgnc_imgt":"IMGT12345","hgnc_intermediate_filament_db":"IFDB12345","hgnc_iuphar":"IUPHAR12345","hgnc_kznf_gene_catalog":1000007,"hgnc_lncipedia":"Lncipedia12345","hgnc_lncrnadb":"lncRNAdb12345","hgnc_location":"1q23.3","hgnc_location_sortable":"01q23.3","hgnc_locus_group":"protein-coding gene","hgnc_locus_type":"gene with protein product","hgnc_lsdb":"LSDB12345","hgnc_mamit_trnadb":1000008,"hgnc_mane_select":"MANE.Select.v7.2","hgnc_merops":"MEROPS12345","hgnc_mgi_gene_acc_id":"MGI:1234567","hgnc_mirbase":"miRBase:MI0001234","hgnc_name":"Gene Name 1","hgnc_omim_acc_id":"OMIM:123456","hgnc_orphanet":1000009,"hgnc_prev_name":"Previous Name 1","hgnc_prev_symbol":"PrevSym1","hgnc_pseudogene_org":"Pseudogene.org12345","hgnc_pubmed_acc_id":"PubMed:12345678","hgnc_refseq_accession":"RefSeq:NM_000123","hgnc_rgd_acc_id":"RGD:123456","hgnc_rna_central_acc_ids":"RNAcentral:URS000075B7B7_9606","hgnc_snornabase":"snoRNABase:SNORD1234","hgnc_status":"Approved","hgnc_symbol":"HGNC1","hgnc_ucsc_acc_id":"UCSC:uc001abc.123","hgnc_uniprot_acc_ids":"UniProt:P12345","hgnc_vega_acc_id":"VEGA:OTTHUMG00000123456","hgs_synonyms":["Synonym1","Synonym2"],"id":"ID1","idg_family":"IDG Family 1","idg_human_gene_id":1000010,"idg_id":1000011,"mg_ensembl_chromosome":"1","mg_ensembl_gene_acc_id":"ENSMUSG00000012345","mg_ensembl_start":100000,"mg_ensembl_stop":200000,"mg_ensembl_strand":"+","mg_entrez_gene_acc_id":1000012,"mg_genome_build":"GRCm38","mg_id":1000013,"mg_mgi_chromosome":"1","mg_mgi_cm":"23.5","mg_mgi_gene_acc_id":"MGI:12345678","mg_mgi_start":150000,"mg_mgi_stop":250000,"mg_mgi_strand":"-","mg_name":"Mouse Gene 1","mg_ncbi_chromosome":"1","mg_ncbi_start":110000,"mg_ncbi_stop":210000,"mg_ncbi_strand":"+","mg_subtype":"Subtype1","mg_symbol":"Mg1","mg_type":"Protein-coding","mgs_synonyms":["MgsSyn1","MgsSyn2"],"o_category":"Orthology Category 1","o_human_gene_id":2000010,"o_id":3000010,"o_is_max_human_to_mouse":"Yes","o_is_max_mouse_to_human":"Yes","o_mouse_gene_id":4000010,"o_support":"High","o_support_count":5,"o_support_raw":"RawSupportData1","pharos_chr":"1","pharos_family":"Pharos Family 1","pharos_human_gene_id":5000010,"pharos_id":6000010,"pharos_name":"Pharos Gene 1","pharos_symbol":"Pharos1","pharos_tdl":"TDL1","pharos_uniprot_acc_id":"UniProt:P00001"}
    Forwarded URL = null
   Redirected URL = null
          Cookies = []
]]></system-out>
  </testcase>
</testsuite>