<?xml version="1.0" encoding="UTF-8"?>
<testsuite xmlns:xsi="http://www.w3.org/2001/XMLSchema-instance" xsi:noNamespaceSchemaLocation="https://maven.apache.org/surefire/maven-surefire-plugin/xsd/surefire-test-report-3.0.xsd" version="3.0" name="org.mousephenotype.impcsolrdocumentation.documenTestClases.ImpcImagesDocumentationTest" time="0.029" tests="1" errors="0" skipped="0" failures="0">
  <properties>
[...]
</properties>
  <testcase name="documentImpcImages" classname="org.mousephenotype.impcsolrdocumentation.documenTestClases.ImpcImagesDocumentationTest" time="0.026">
    <system-out><![CDATA[2024-04-18T14:19:12.066+01:00  INFO 10643 --- [           main] o.s.b.t.m.w.SpringBootMockServletContext : Initializing Spring TestDispatcherServlet ''
2024-04-18T14:19:12.066+01:00  INFO 10643 --- [           main] o.s.t.web.servlet.TestDispatcherServlet  : Initializing Servlet ''
2024-04-18T14:19:12.067+01:00  INFO 10643 --- [           main] o.s.t.web.servlet.TestDispatcherServlet  : Completed initialization in 1 ms

MockHttpServletRequest:
      HTTP Method = GET
      Request URI = /getImpcImagesDoc
       Parameters = {}
          Headers = [Content-Type:"application/json"]
             Body = <no character encoding set>
    Session Attrs = {}

Handler:
             Type = org.mousephenotype.impcsolrdocumentation.conroller.DocumentController
           Method = org.mousephenotype.impcsolrdocumentation.conroller.DocumentController#getImpcImages()

Async:
    Async started = false
     Async result = null

Resolved Exception:
             Type = null

ModelAndView:
        View name = null
             View = null
            Model = null

FlashMap:
       Attributes = null

MockHttpServletResponse:
           Status = 200
    Error message = null
          Headers = [Content-Type:"application/json"]
     Content type = application/json
             Body = {"id":"1","observation_id":"obs-001","specimen_id":"spec-001","phenotyping_center_id":100,"phenotyping_center":"Center A","production_center_id":101,"production_center":"Center B","specimen_project_id":200,"specimen_project_name":"Project X","gene_accession_id":"Gene-001","gene_symbol":"Gn1","allele_accession_id":"Allele-001","allele_symbol":"Al1","zygosity":"Homozygous","sex":"Male","biological_model_id":300,"biological_sample_id":301,"biological_sample_group":"Group 1","strain_accession_id":"Strain-001","strain_name":"Strain A","genetic_background":"Background 1","allelic_composition":"Comp 1","colony_id":"Colony-001","litter_id":"Litter-001","date_of_birth":"2020-01-01","external_sample_id":"ExtSample-001","life_stage_name":"Adult","life_stage_acc":"LS-001","datasource_id":400,"datasource_name":"DataSource A","project_id":500,"project_name":"Project Y","pipeline_id":600,"pipeline_name":"Pipeline Z","pipeline_stable_id":"PSI-001","procedure_id":700,"procedure_name":"Procedure 1","procedure_stable_id":"PS-001","procedure_group":"Group 2","parameter_id":800,"parameter_name":"Parameter 1","parameter_stable_id":"Param-001","procedure_sequence_id":"Seq-001","experiment_id":"Exp-001","observation_type":"Type 1","data_type":"Data Type 1","experiment_source_id":"Source-001","date_of_experiment":"2024-04-18","weight_parameter_stable_id":"WPID-001","weight_date":"2020-06-15","weight_days_old":100,"weight":20.5,"data_point":5.5,"order_index":1,"dimension":"Dimension 1","time_point":"Day 1","discrete_point":1.5,"category":"Category 1","raw_category":"Raw Category 1","metadata":["Meta1","Meta2"],"metadata_group":"Metadata Group 1","mp_id":["MPID-1","MPID-2"],"mp_term":["Term 1","Term 2"],"top_level_mp_id":["TL-MPID-1","TL-MPID-2"],"top_level_mp_term":["Top Level Term 1","Top Level Term 2"],"intermediate_mp_id":["IMPID-1","IMPID-2"],"intermediate_mp_term":["Intermediate Term 1","Intermediate Term 2"],"anatomy_id":["AnatomyID-1","AnatomyID-2"],"anatomy_term":["Anatomy Term 1","Anatomy Term 2"],"anatomy_id_term":["AnatomyIDTerm-1","AnatomyIDTerm-2"],"anatomy_term_synonym":["Synonym 1","Synonym 2"],"top_level_anatomy_id":["TLAnatomyID-1","TLAnatomyID-2"],"top_level_anatomy_term":["TL Anatomy Term 1","TL Anatomy Term 2"],"top_level_anatomy_term_synonym":["TL Anatomy Term 1","TL Anatomy Term 2"],"selected_top_level_anatomy_id":["STLAnatomyID-1","STLAnatomyID-2"],"selected_top_level_anatomy_term":["Selected TL Anatomy Term 1","Selected TL Anatomy Term 2"],"selected_top_level_anatomy_term_synonym":["Selected TL Anatomy Term 1","Selected TL Anatomy Term 2"],"intermediate_anatomy_id":["IAnatomyID-1","IAnatomyID-2"],"intermediate_anatomy_term":["Intermediate Anatomy Term 1","Intermediate Anatomy Term 2"],"intermediate_anatomy_term_synonym":["Intermediate Anatomy Term 1","Intermediate Anatomy Term 2"],"parent_anatomy_id":["ParentAnatomyID-1","ParentAnatomyID-2"],"parent_anatomy_term":["Parent Anatomy Term 1","Parent Anatomy Term 2"],"parent_anatomy_term_synonym":["Parent Anatomy Term 1","Parent Anatomy Term 2"],"child_anatomy_id":["ChildAnatomyID-1","ChildAnatomyID-2"],"child_anatomy_term":["Child Anatomy Term 1","Child Anatomy Term 2"],"child_anatomy_term_synonym":["Child Anatomy Term 1","Child Anatomy Term 2"],"download_file_path":"/path/to/download","image_link":"http://example.com/image","file_type":"jpeg","parameter_association_stable_id":["PAStableID-1","PAStableID-2"],"parameter_association_sequence_id":["PASeqID-1","PASeqID-2"],"parameter_association_dim_id":["PADimID-1","PADimID-2"],"parameter_association_name":["PA Name 1","PA Name 2"],"parameter_association_value":["PA Value 1","PA Value 2"],"developmental_stage_acc":"DevStageAcc-1","developmental_stage_name":"Development Stage 1","text_value":"Some text value","sub_term_id":["SubTermID-1","SubTermID-2"],"sub_term_name":["SubTerm Name 1","SubTerm Name 2"],"sub_term_description":["SubTerm Description 1","SubTerm Description 2"],"sequence_id":123,"age_in_days":45,"age_in_weeks":6,"download_url":"http://example.com/download","jpeg_url":"http://example.com/jpeg","thumbnail_url":"http://example.com/thumbnail","omero_id":"OmeroID-1"}
    Forwarded URL = null
   Redirected URL = null
          Cookies = []
]]></system-out>
  </testcase>
</testsuite>