<?xml version="1.0" encoding="UTF-8"?>
<testsuite xmlns:xsi="http://www.w3.org/2001/XMLSchema-instance" xsi:noNamespaceSchemaLocation="https://maven.apache.org/surefire/maven-surefire-plugin/xsd/surefire-test-report-3.0.xsd" version="3.0" name="org.mousephenotype.impcsolrdocumentation.documenTestClases.OrthologMappingDocumentationTest" time="0.18" tests="1" errors="0" skipped="0" failures="0">
  <properties>
[...]
</properties>
  <testcase name="documentOrthologMapping" classname="org.mousephenotype.impcsolrdocumentation.documenTestClases.OrthologMappingDocumentationTest" time="0.068">
    <system-out><![CDATA[
  .   ____          _            __ _ _
 /\\ / ___'_ __ _ _(_)_ __  __ _ \ \ \ \
( ( )\___ | '_ | '_| | '_ \/ _` | \ \ \ \
 \\/  ___)| |_)| | | | | || (_| |  ) ) ) )
  '  |____| .__|_| |_|_| |_\__, | / / / /
 =========|_|==============|___/=/_/_/_/
 :: Spring Boot ::                (v3.2.4)

2024-05-20T09:37:17.664+01:00  INFO 59466 --- [           main] o.m.i.d.OrthologMappingDocumentationTest : Starting OrthologMappingDocumentationTest using Java 21.0.1 with PID 59466 (started by ogunes in /Users/ogunes/Documents/impc-solr-documentation)
2024-05-20T09:37:17.664+01:00  INFO 59466 --- [           main] o.m.i.d.OrthologMappingDocumentationTest : No active profile set, falling back to 1 default profile: "default"
2024-05-20T09:37:17.717+01:00  INFO 59466 --- [           main] o.s.b.a.w.s.WelcomePageHandlerMapping    : Adding welcome page: class path resource [static/index.html]
2024-05-20T09:37:17.749+01:00  INFO 59466 --- [           main] o.s.b.t.m.w.SpringBootMockServletContext : Initializing Spring TestDispatcherServlet ''
2024-05-20T09:37:17.749+01:00  INFO 59466 --- [           main] o.s.t.web.servlet.TestDispatcherServlet  : Initializing Servlet ''
2024-05-20T09:37:17.750+01:00  INFO 59466 --- [           main] o.s.t.web.servlet.TestDispatcherServlet  : Completed initialization in 0 ms
2024-05-20T09:37:17.752+01:00  INFO 59466 --- [           main] o.m.i.d.OrthologMappingDocumentationTest : Started OrthologMappingDocumentationTest in 0.1 seconds (process running for 1.317)
2024-05-20T09:37:17.757+01:00  INFO 59466 --- [           main] o.s.b.t.m.w.SpringBootMockServletContext : Initializing Spring TestDispatcherServlet ''
2024-05-20T09:37:17.757+01:00  INFO 59466 --- [           main] o.s.t.web.servlet.TestDispatcherServlet  : Initializing Servlet ''
2024-05-20T09:37:17.757+01:00  INFO 59466 --- [           main] o.s.t.web.servlet.TestDispatcherServlet  : Completed initialization in 0 ms

MockHttpServletRequest:
      HTTP Method = GET
      Request URI = /getOrthologMappingDoc
       Parameters = {}
          Headers = [Content-Type:"application/json"]
             Body = <no character encoding set>
    Session Attrs = {}

Handler:
             Type = org.mousephenotype.impcsolrdocumentation.conroller.DocumentController
           Method = org.mousephenotype.impcsolrdocumentation.conroller.DocumentController#getOrthologMapping()

Async:
    Async started = false
     Async result = null

Resolved Exception:
             Type = null

ModelAndView:
        View name = null
             View = null
            Model = null

FlashMap:
       Attributes = null

MockHttpServletResponse:
           Status = 200
    Error message = null
          Headers = [Content-Type:"application/json"]
     Content type = application/json
             Body = {"hg_hgnc_acc_id":"hg123","hg_symbol":"HG","hmf_category_for_threshold":"Category","hmf_human_gene_id":456,"hmf_id":789,"hmf_orthologs_above_threshold":3,"hmf_support_count_threshold":10,"id":"exampleId","mg_mgi_gene_acc_id":"mg123","mg_symbol":"MG","mmf_category_for_threshold":"Category","mmf_id":987,"mmf_mouse_gene_id":654,"mmf_orthologs_above_threshold":5,"mmf_support_count_threshold":8,"o_category":"Category","o_human_gene_id":321,"o_id":654,"o_is_max_human_to_mouse":"Yes","o_is_max_mouse_to_human":"No","o_mouse_gene_id":987,"o_support":"Support","o_support_count":12,"o_support_raw":"Raw Support"}
    Forwarded URL = null
   Redirected URL = null
          Cookies = []
]]></system-out>
  </testcase>
</testsuite>