<?xml version="1.0" encoding="UTF-8"?>
<testsuite xmlns:xsi="http://www.w3.org/2001/XMLSchema-instance" xsi:noNamespaceSchemaLocation="https://maven.apache.org/surefire/maven-surefire-plugin/xsd/surefire-test-report-3.0.xsd" version="3.0" name="org.mousephenotype.impcsolrdocumentation.documenTestClases.PipelineDocumentationTest" time="0.019" tests="1" errors="0" skipped="0" failures="0">
  <properties>
[...]
</properties>
  <testcase name="documentPipeline" classname="org.mousephenotype.impcsolrdocumentation.documenTestClases.PipelineDocumentationTest" time="0.014">
    <system-out><![CDATA[2024-05-15T09:48:43.134+01:00  INFO 11656 --- [           main] o.s.b.t.m.w.SpringBootMockServletContext : Initializing Spring TestDispatcherServlet ''
2024-05-15T09:48:43.134+01:00  INFO 11656 --- [           main] o.s.t.web.servlet.TestDispatcherServlet  : Initializing Servlet ''
2024-05-15T09:48:43.134+01:00  INFO 11656 --- [           main] o.s.t.web.servlet.TestDispatcherServlet  : Completed initialization in 0 ms

MockHttpServletRequest:
      HTTP Method = GET
      Request URI = /getPipelineDoc
       Parameters = {}
          Headers = [Content-Type:"application/json"]
             Body = <no character encoding set>
    Session Attrs = {}

Handler:
             Type = org.mousephenotype.impcsolrdocumentation.conroller.DocumentController
           Method = org.mousephenotype.impcsolrdocumentation.conroller.DocumentController#getPipeline()

Async:
    Async started = false
     Async result = null

Resolved Exception:
             Type = null

ModelAndView:
        View name = null
             View = null
            Model = null

FlashMap:
       Attributes = null

MockHttpServletResponse:
           Status = 200
    Error message = null
          Headers = [Content-Type:"application/json"]
     Content type = application/json
             Body = {"fully_qualified_name":"Pipeline","data_type":"String","version":1,"parameter_id":101,"parameter_stable_id":"PARAM_001","parameter_name":"Parameter Name Example","parameter_stable_key":102,"procedure_id":201,"procedure_stable_id":"PROC_001","procedure_name":"Procedure Name Example","procedure_stable_key":202,"pipeline_id":301,"pipeline_stable_id":"PIPE_001","pipeline_name":"Pipeline Name Example","pipeline_stable_key":302,"required":true,"observation_type":"Observation Type Example","mp_terms":["MP:0000001","MP:0000002"],"description":"Description Example","unit_x":"cm","unit_y":"kg","metadata":true,"increment":true,"categories":["Category 1","Category 2"],"has_options":false,"derived":false,"media":true,"annotate":false,"comparable_parameter_group":"Group Example","experiment_level":"Level Example","stage":"Stage Example","stage_label":"Stage Label Example","schedule_key":401,"mp_id":["MP:0000003","MP:0000004"],"mp_term":["term1","term2"],"mp_term_synonym":["synonym1","synonym2"],"top_level_mp_id":["MP:0000005"],"top_level_mp_term":["top level term"],"top_level_mp_term_synonym":["top level synonym"],"intermediate_mp_id":["MP:0000006"],"intermediate_mp_term":["intermediate term"],"intermediate_mp_term_synonym":["intermediate synonym"],"abnormal_mp_id":["MP:0000007"],"increased_mp_id":["MP:0000008"],"decreased_mp_id":["MP:0000009"],"abnormal_mp_term":["abnormal term"],"increased_mp_term":["increased term"],"decreased_mp_term":["decreased term"],"hp_id":["HP:0000001","HP:0000002"],"hp_term":["HP term 1","HP term 2"],"inferred_ma_id":"MA:0000001","inferred_selected_top_level_ma_id":"MA:0000002","inferred_selected_top_level_ma_term":"top level MA term","ma_id":"MA:0000003","ma_term":"MA term","ma_term_synonym":["MA synonym 1","MA synonym 2"],"emap_id":"EMAP:0000001","emap_term":"EMAP term","anatomy_id":"A:0000001","anatomy_term":"anatomy term","anatomy_term_synonym":["anatomy synonym"],"embryo_anatomy_id":"E:0000001","embryo_anatomy_term":"embryo anatomy term","top_level_embryo_anatomy_id":["E:0000002"],"top_level_embryo_anatomy_term":["top level embryo anatomy term"],"mouse_anatomy_id":"M:0000001","mouse_anatomy_term":"mouse anatomy term","top_level_mouse_anatomy_id":["M:0000002"],"top_level_mouse_anatomy_term":["top level mouse anatomy term"],"imits_phenotype_started":["started1","started2"],"imits_phenotype_complete":["complete1","complete2"],"imits_phenotype_status":["status1","status2"]}
    Forwarded URL = null
   Redirected URL = null
          Cookies = []
]]></system-out>
  </testcase>
</testsuite>