<?xml version="1.0" encoding="UTF-8"?>
<testsuite xmlns:xsi="http://www.w3.org/2001/XMLSchema-instance" xsi:noNamespaceSchemaLocation="https://maven.apache.org/surefire/maven-surefire-plugin/xsd/surefire-test-report-3.0.xsd" version="3.0" name="org.mousephenotype.impcsolrdocumentation.documenTestClases.StatisticalResultDocumentationTest" time="0.031" tests="1" errors="0" skipped="0" failures="0">
  <properties>
[...]
</properties>
  <testcase name="documentStatisticalResult" classname="org.mousephenotype.impcsolrdocumentation.documenTestClases.StatisticalResultDocumentationTest" time="0.029">
    <system-out><![CDATA[2024-04-04T11:21:49.398+01:00  INFO 97686 --- [           main] o.s.b.t.m.w.SpringBootMockServletContext : Initializing Spring TestDispatcherServlet ''
2024-04-04T11:21:49.398+01:00  INFO 97686 --- [           main] o.s.t.web.servlet.TestDispatcherServlet  : Initializing Servlet ''
2024-04-04T11:21:49.399+01:00  INFO 97686 --- [           main] o.s.t.web.servlet.TestDispatcherServlet  : Completed initialization in 1 ms

MockHttpServletRequest:
      HTTP Method = GET
      Request URI = /getStatisticalResultDoc
       Parameters = {}
          Headers = [Content-Type:"application/json"]
             Body = <no character encoding set>
    Session Attrs = {}

Handler:
             Type = org.mousephenotype.impcsolrdocumentation.conroller.DocumentController
           Method = org.mousephenotype.impcsolrdocumentation.conroller.DocumentController#getStatisticalResult()

Async:
    Async started = false
     Async result = null

Resolved Exception:
             Type = null

ModelAndView:
        View name = null
             View = null
            Model = null

FlashMap:
       Attributes = null

MockHttpServletResponse:
           Status = 200
    Error message = null
          Headers = [Content-Type:"application/json"]
     Content type = application/json
             Body = {"docId":"DOC123","dbId":100,"dataType":"Gene Expression","anatomyTermId":["AID123","AID456"],"anatomyTermName":["Heart","Liver"],"intermediateAnatomyTermId":["IAID789","IAID101"],"intermediateAnatomyTermName":["Ventricle","Lobe"],"topLevelAnatomyTermId":["TAID112","TAID113"],"topLevelAnatomyTermName":["Circulatory System","Digestive System"],"mpTermIdOptions":["MPID123","MPID456"],"mpTermNameOptions":["Hypertrophy","Necrosis"],"mpTermId":"MPID789","mpTermName":"Atrophy","topLevelMpTermId":["TMPID123","TMPID456"],"topLevelMpTermName":["Muscle Structure","Cell Death"],"intermediateMpTermId":["IMPID789","IMPID101"],"intermediateMpTermName":["Muscle Size","Apoptosis"],"maleMpTermId":"MMPID123","maleMpTermName":"Male Hypertrophy","maleTopLevelMpTermId":["MTMPID123","MTMPID456"],"maleTopLevelMpTermName":["Male Muscle Structure","Male Cell Death"],"maleIntermediateMpTermId":["MIMPID789","MIMPID101"],"maleIntermediateMpTermName":["Male Muscle Size","Male Apoptosis"],"femaleMpTermId":"FMPID123","femaleMpTermName":"Female Hypertrophy","femaleTopLevelMpTermId":["FTMPID123","FTMPID456"],"femaleTopLevelMpTermName":["Female Muscle Structure","Female Cell Death"],"femaleIntermediateMpTermId":["FIMPID789","FIMPID101"],"femaleIntermediateMpTermName":["Female Muscle Size","Female Apoptosis"],"resourceName":"Resource Name","resourceFullname":"Full Resource Name","resourceId":200,"projectName":["Project X","Project Y"],"phenotypingCenter":"Center Z","pipelineStableId":"PID123","pipelineStableKey":300,"pipelineName":"Pipeline Name","pipelineId":400,"procedureStableId":["PRID123","PRID456"],"procedureStableKey":[500,600],"procedureName":"Procedure Name","procedureId":700,"parameterStableId":"PAID123","parameterStableKey":[800],"parameterName":"Parameter Name","parameterId":900,"colonyId":"Colony123","markerSymbol":"Gene123","markerAccessionId":"M123456","alleleSymbol":"Allele123","alleleName":"Allele Name","alleleAccessionId":"A123456","strainName":"Strain Name","strainAccessionId":"S123456","sex":"Male","zygosity":"Homozygote","controlSelectionMethod":"Random","dependentVariable":"Weight","metadataGroup":"Group1","dataFrame":"Frame1","geneticBackground":"C57BL/6N","productionCenter":"EMBL-EBI","externalDbId":101,"id":102,"organisationId":103,"phenotypingCenterId":104,"projectId":105,"maleControlMean":0.5,"maleMutantMean":1.5,"femaleControlMean":0.4,"femaleMutantMean":1.4,"genotypePValueLowVsNormalHigh":0.01,"genotypePValueLowNormalVsHigh":0.02,"genotypeEffectSizeLowVsNormalHigh":0.5,"genotypeEffectSizeLowNormalVsHigh":0.6,"femalePValueLowVsNormalHigh":0.03,"femalePValueLowNormalVsHigh":0.04,"femaleEffectSizeLowVsNormalHigh":0.7,"femaleEffectSizeLowNormalVsHigh":0.8,"malePValueLowVsNormalHigh":0.05,"malePValueLowNormalVsHigh":0.06,"maleEffectSizeLowVsNormalHigh":0.9,"maleEffectSizeLowNormalVsHigh":1.0,"categories":["Category 1","Category 2"],"categoricalPValue":0.07,"categoricalEffectSize":1.1,"batchSignificant":true,"varianceSignificant":false,"nullTestPValue":0.08,"genotypeEffectPValue":0.09,"genotypeEffectStderrEstimate":0.1,"genotypeEffectParameterEstimate":0.11,"malePercentageChange":"10%","femalePercentageChange":"20%","sexEffectPValue":0.12,"sexEffectStderrEstimate":0.13,"sexEffectParameterEstimate":0.14,"weightEffectPValue":0.15,"weightEffectStderrEstimate":0.16,"weightEffectParameterEstimate":0.17,"group1Genotype":"WT","group1ResidualsNormalityTest":0.18,"group2Genotype":"Mutant","group2ResidualsNormalityTest":0.19,"blupsTest":0.2,"rotatedResidualsTest":0.21,"interceptEstimate":0.22,"interceptEstimateStderrEstimate":0.23,"interactionSignificant":true,"interactionEffectPValue":0.24,"femaleKoEffectPValue":0.25,"femaleKoEffectStderrEstimate":0.26,"femaleKoParameterEstimate":0.27,"femaleEffectSize":0.28,"maleKoEffectPValue":0.29,"maleKoEffectStderrEstimate":0.3,"maleKoParameterEstimate":0.31,"maleEffectSize":0.32,"classificationTag":"Tag1","phenotypeSex":["Male","Female"],"lifeStageAcc":"LS:001","lifeStageName":"Adulthood","significant":true,"softWindowingBandwidth":"Medium","softWindowingShape":"Gaussian","softWindowingPeaks":"3","softWindowingMinObsRequired":"10","softWindowingTotalObsOrWeight":"50","softWindowingThreshold":"0.05","softWindowingNumberOfDoe":"5","softWindowingDoeNote":"Doe Note Example","metadata":["Metadata1","Metadata2"]}
    Forwarded URL = null
   Redirected URL = null
          Cookies = []
]]></system-out>
  </testcase>
</testsuite>