<?xml version="1.0" encoding="UTF-8"?>
<testsuite xmlns:xsi="http://www.w3.org/2001/XMLSchema-instance" xsi:noNamespaceSchemaLocation="https://maven.apache.org/surefire/maven-surefire-plugin/xsd/surefire-test-report-3.0.xsd" version="3.0" name="org.mousephenotype.impcsolrdocumentation.documenTestClases.GenotypePhenotypeDocumentationTest" time="0.016" tests="1" errors="0" skipped="0" failures="0">
  <properties>
[...]
</properties>
  <testcase name="documentExperiment" classname="org.mousephenotype.impcsolrdocumentation.documenTestClases.GenotypePhenotypeDocumentationTest" time="0.014">
    <system-out><![CDATA[2024-05-15T09:48:43.115+01:00  INFO 11656 --- [           main] o.s.b.t.m.w.SpringBootMockServletContext : Initializing Spring TestDispatcherServlet ''
2024-05-15T09:48:43.115+01:00  INFO 11656 --- [           main] o.s.t.web.servlet.TestDispatcherServlet  : Initializing Servlet ''
2024-05-15T09:48:43.115+01:00  INFO 11656 --- [           main] o.s.t.web.servlet.TestDispatcherServlet  : Completed initialization in 0 ms

MockHttpServletRequest:
      HTTP Method = GET
      Request URI = /getGenotypePhenotypeDoc
       Parameters = {}
          Headers = [Content-Type:"application/json"]
             Body = <no character encoding set>
    Session Attrs = {}

Handler:
             Type = org.mousephenotype.impcsolrdocumentation.conroller.DocumentController
           Method = org.mousephenotype.impcsolrdocumentation.conroller.DocumentController#getGenotypePhenotype()

Async:
    Async started = false
     Async result = null

Resolved Exception:
             Type = null

ModelAndView:
        View name = null
             View = null
            Model = null

FlashMap:
       Attributes = null

MockHttpServletResponse:
           Status = 200
    Error message = null
          Headers = [Content-Type:"application/json"]
     Content type = application/json
             Body = {"doc_id":"DOC001","ontology_db_id":123456,"assertion_type":"Assertion Type Example","assertion_type_id":"ATID001","mpath_term_id":"MPATH:0000001","mpath_term_name":"Mpath Term Name Example","anatomy_term_id":["ATID001","ATID002"],"anatomy_term_name":["Anatomy Term 1","Anatomy Term 2"],"intermediate_anatomy_term_id":["IATID001","IATID002"],"intermediate_anatomy_term_name":["Intermediate Anatomy Term 1","Intermediate Anatomy Term 2"],"top_level_anatomy_term_id":["TLATID001","TLATID002"],"top_level_anatomy_term_name":["Top Level Anatomy Term 1","Top Level Anatomy Term 2"],"mp_term_id":"MP:0000001","mp_term_name":"MP Term Name Example","alt_mp_term_id":["AMPID001","AMPID002"],"top_level_mp_term_id":["TLMPID001","TLMPID002"],"top_level_mp_term_name":["Top Level MP Term 1","Top Level MP Term 2"],"intermediate_mp_term_id":["IMPID001","IMPID002"],"intermediate_mp_term_name":["Intermediate MP Term 1","Intermediate MP Term 2"],"marker_symbol":"MkSym","marker_accession_id":"MARK:000001","colony_id":"Colony001","allele_name":"Allele Name Example","allele_symbol":"AlleleSym","allele_accession_id":"Allele:000001","strain_name":"Strain Name Example","strain_accession_id":"Strain:000001","phenotyping_center":"Phenotyping Center Example","project_external_id":"ProjectExtID001","project_name":["Project Name 1","Project Name 2"],"project_fullname":"Project Fullname Example","resource_name":"Resource Name Example","resource_fullname":"Resource Fullname Example","sex":"Male","zygosity":"Homozygote","pipeline_name":"Pipeline Name Example","pipeline_stable_id":"PipelineStableID001","pipeline_stable_key":"PipelineStableKey001","procedure_name":"Procedure Name Example","procedure_stable_id":["ProcStableID001","ProcStableID002"],"procedure_stable_key":["ProcStableKey001","ProcStableKey002"],"parameter_name":"Parameter Name Example","parameter_stable_id":"ParamStableID001","parameter_stable_key":["ParamStableKey001","ParamStableKey002"],"statistical_method":"Statistical Method Example","percentage_change":"10%","p_value":0.05,"effect_size":1.2,"external_id":"ExternalID001","life_stage_acc":"LS:000001","life_stage_name":"Life Stage Name Example"}
    Forwarded URL = null
   Redirected URL = null
          Cookies = []
]]></system-out>
  </testcase>
</testsuite>