<?xml version="1.0" encoding="UTF-8"?>
<testsuite xmlns:xsi="http://www.w3.org/2001/XMLSchema-instance" xsi:noNamespaceSchemaLocation="https://maven.apache.org/surefire/maven-surefire-plugin/xsd/surefire-test-report-3.0.xsd" version="3.0" name="org.mousephenotype.impcsolrdocumentation.documenTestClases.AnatomyDocumentationTest" time="0.014" tests="1" errors="0" skipped="0" failures="0">
  <properties>
[...]
</properties>
  <testcase name="documentAnatomy" classname="org.mousephenotype.impcsolrdocumentation.documenTestClases.AnatomyDocumentationTest" time="0.011">
    <system-out><![CDATA[2024-04-17T15:49:35.189+01:00  INFO 24070 --- [           main] o.s.b.t.m.w.SpringBootMockServletContext : Initializing Spring TestDispatcherServlet ''
2024-04-17T15:49:35.189+01:00  INFO 24070 --- [           main] o.s.t.web.servlet.TestDispatcherServlet  : Initializing Servlet ''
2024-04-17T15:49:35.189+01:00  INFO 24070 --- [           main] o.s.t.web.servlet.TestDispatcherServlet  : Completed initialization in 0 ms

MockHttpServletRequest:
      HTTP Method = GET
      Request URI = /getAnatomyDoc
       Parameters = {}
          Headers = [Content-Type:"application/json"]
             Body = <no character encoding set>
    Session Attrs = {}

Handler:
             Type = org.mousephenotype.impcsolrdocumentation.conroller.DocumentController
           Method = org.mousephenotype.impcsolrdocumentation.conroller.DocumentController#getAnatomy()

Async:
    Async started = false
     Async result = null

Resolved Exception:
             Type = null

ModelAndView:
        View name = null
             View = null
            Model = null

FlashMap:
       Attributes = null

MockHttpServletResponse:
           Status = 200
    Error message = null
          Headers = [Content-Type:"application/json"]
     Content type = application/json
             Body = {"dataType":"Example DataType","anatomyId":["ANAT:0001","ANAT:0002"],"anatomyTerm":"Heart","anatomyTermSynonym":["Cardiac","Cor"],"anatomyNodeId":[101,102],"altAnatomyId":["ALT:001","ALT:002"],"stage":"adult","efoId":["EFO:0001","EFO:0002"],"allAeMappedEfoId":["EFO:0003","EFO:0004"],"uberonId":["UBERON:0001","UBERON:0002"],"allAeMappedUberonId":["UBERON:0003","UBERON:0004"],"parentAnatomyId":["PARENT:001","PARENT:002"],"parentAnatomyTerm":["Parent Heart","Parent Lung"],"parentAnatomyTermSynonym":["Parent Cardiac","Parent Pulmonary"],"childAnatomyId":["CHILD:001","CHILD:002"],"childAnatomyTerm":["Child Heart","Child Lung"],"childAnatomyTermSynonym":["Child Cardiac","Child Pulmonary"],"intermediateAnatomyId":["INTERMEDIATE:001","INTERMEDIATE:002"],"intermediateAnatomyTerm":["Intermediate Heart","Intermediate Lung"],"intermediateAnatomyTermSynonym":["Intermediate Cardiac","Intermediate Pulmonary"],"topLevelAnatomyId":["TOP:001","TOP:002"],"topLevelAnatomyTerm":["Top Level Heart","Top Level Lung"],"topLevelAnatomyTermSynonym":["Top Cardiac","Top Pulmonary"],"selectedTopLevelAnatomyId":["SELECTED:001","SELECTED:002"],"selectedTopLevelAnatomyTerm":["Selected Top Heart","Selected Top Lung"],"selectedTopLevelAnatomyTermSynonym":["Selected Top Cardiac","Selected Top Pulmonary"],"mpId":["MP:0001","MP:0002"],"mpTerm":["Phenotype 1","Phenotype 2"],"mpTermSynonym":["Synonym 1","Synonym 2"],"topLevelMpId":["TOPMP:0001","TOPMP:0002"],"topLevelMpTerm":["Top Level Phenotype 1","Top Level Phenotype 2"],"topLevelMpTermSynonym":["Top Synonym 1","Top Synonym 2"],"intermediateMpId":["INTERMP:0001","INTERMP:0002"],"intermediateMpTerm":["Intermediate Phenotype 1","Intermediate Phenotype 2"],"intermediateMpTermSynonym":["Intermediate Synonym 1","Intermediate Synonym 2"],"childMpId":["CHILDMP:0001","CHILDMP:0002"],"childMpTerm":["Child Phenotype 1","Child Phenotype 2"],"childMpTermSynonym":["Child Synonym 1","Child Synonym 2"],"annotationTermId":["TERMID:0001","TERMID:0002"],"annotationTermName":["Term Name 1","Term Name 2"],"name":["Name 1","Name 2"],"accession":["ACC:0001","ACC:0002"],"expName":["Experiment 1","Experiment 2"],"largeThumbnailFilePath":"/path/to/large/thumbnail.jpg","smallThumbnailFilePath":"/path/to/small/thumbnail.jpg","inferredMaTermId":["MA:0001","MA:0002"],"inferredMaTermName":["Ma Term 1","Ma Term 2"],"annotatedHigherLevelMaTermId":["HMA:0001","HMA:0002"],"annotatedHigherLevelMaTermName":["Higher Ma Term 1","Higher Ma Term 2"],"annotatedHigherLevelMpTermId":["HMP:0001","HMP:0002"],"annotatedHigherLevelMpTermName":["Higher Mp Term 1","Higher Mp Term 2"],"inferredHigherLevelMaTermId":["IHMA:0001","IHMA:0002"],"inferredHigherLevelMaTermName":["Inferred Higher MA 1","Inferred Higher MA 2"],"annotatedOrInferredHigherLevelMaTermName":["Annotated/Inferred MA 1","Annotated/Inferred MA 2"],"annotatedOrInferredHigherLevelMaTermId":["A/IHMA:0001","A/IHMA:0002"],"symbol":["Symbol 1","Symbol 2"],"sangerSymbol":["Sanger 1","Sanger 2"],"geneName":["Gene Name 1","Gene Name 2"],"subtype":["Subtype 1","Subtype 2"],"geneSynonyms":["Synonym 1","Synonym 2"],"maTermId":["MATermID:0001","MATermID:0002"],"maTermName":["MA Term Name 1","MA Term Name 2"],"expNameExp":["Exp Name 1","Exp Name 2"],"symbolGene":["SymbolGene 1","SymbolGene 2"],"topLevel":["TopLevel 1","TopLevel 2"],"text":["Text 1","Text 2"],"autoSuggest":["Suggest 1","Suggest 2"],"anatomyQf":["Anatomy Qf 1","Anatomy Qf 2"],"searchTermJson":"{\"searchTerm\":\"example\"}","childrenJson":"[{\"child\":\"example1\"}, {\"child\":\"example2\"}]","scrollNode":"ScrollNodeExample"}
    Forwarded URL = null
   Redirected URL = null
          Cookies = []
]]></system-out>
  </testcase>
</testsuite>