<?xml version="1.0" encoding="UTF-8"?>
<testsuite xmlns:xsi="http://www.w3.org/2001/XMLSchema-instance" xsi:noNamespaceSchemaLocation="https://maven.apache.org/surefire/maven-surefire-plugin/xsd/surefire-test-report-3.0.xsd" version="3.0" name="org.mousephenotype.impcsolrdocumentation.documenTestClases.AnatomyDocumentationTest" time="0.018" tests="1" errors="0" skipped="0" failures="0">
  <properties>
[...]
</properties>
  <testcase name="documentAnatomy" classname="org.mousephenotype.impcsolrdocumentation.documenTestClases.AnatomyDocumentationTest" time="0.015">
    <system-out><![CDATA[2024-05-13T14:41:51.231+01:00  INFO 87252 --- [           main] o.s.b.t.m.w.SpringBootMockServletContext : Initializing Spring TestDispatcherServlet ''
2024-05-13T14:41:51.231+01:00  INFO 87252 --- [           main] o.s.t.web.servlet.TestDispatcherServlet  : Initializing Servlet ''
2024-05-13T14:41:51.232+01:00  INFO 87252 --- [           main] o.s.t.web.servlet.TestDispatcherServlet  : Completed initialization in 1 ms

MockHttpServletRequest:
      HTTP Method = GET
      Request URI = /getAnatomyDoc
       Parameters = {}
          Headers = [Content-Type:"application/json"]
             Body = <no character encoding set>
    Session Attrs = {}

Handler:
             Type = org.mousephenotype.impcsolrdocumentation.conroller.DocumentController
           Method = org.mousephenotype.impcsolrdocumentation.conroller.DocumentController#getAnatomy()

Async:
    Async started = false
     Async result = null

Resolved Exception:
             Type = null

ModelAndView:
        View name = null
             View = null
            Model = null

FlashMap:
       Attributes = null

MockHttpServletResponse:
           Status = 200
    Error message = null
          Headers = [Content-Type:"application/json"]
     Content type = application/json
             Body = {"data_type":"Example DataType","anatomy_id":["ANAT:0001","ANAT:0002"],"anatomy_term":"Heart","anatomy_term_synonym":["Cardiac","Cor"],"anatomy_node_id":[101,102],"alt_anatomy_id":["ALT:001","ALT:002"],"stage":"adult","efo_id":["EFO:0001","EFO:0002"],"all_ae_mapped_efo_id":["EFO:0003","EFO:0004"],"uberon_id":["UBERON:0001","UBERON:0002"],"all_ae_mapped_uberon_id":["UBERON:0003","UBERON:0004"],"parent_anatomy_id":["PARENT:001","PARENT:002"],"parent_anatomy_term":["Parent Heart","Parent Lung"],"parent_anatomy_term_synonym":["Parent Cardiac","Parent Pulmonary"],"child_anatomy_id":["CHILD:001","CHILD:002"],"child_anatomy_term":["Child Heart","Child Lung"],"child_anatomy_term_synonym":["Child Cardiac","Child Pulmonary"],"intermediate_anatomy_id":["INTERMEDIATE:001","INTERMEDIATE:002"],"intermediate_anatomy_term":["Intermediate Heart","Intermediate Lung"],"intermediate_anatomy_term_synonym":["Intermediate Cardiac","Intermediate Pulmonary"],"top_level_anatomy_id":["TOP:001","TOP:002"],"top_level_anatomy_term":["Top Level Heart","Top Level Lung"],"top_level_anatomy_term_synonym":["Top Cardiac","Top Pulmonary"],"selected_top_level_anatomy_id":["SELECTED:001","SELECTED:002"],"selected_top_level_anatomy_term":["Selected Top Heart","Selected Top Lung"],"selected_top_level_anatomy_term_synonym":["Selected Top Cardiac","Selected Top Pulmonary"],"mp_id":["MP:0001","MP:0002"],"mp_term":["Phenotype 1","Phenotype 2"],"mp_term_synonym":["Synonym 1","Synonym 2"],"top_level_mp_id":["TOPMP:0001","TOPMP:0002"],"top_level_mp_term":["Top Level Phenotype 1","Top Level Phenotype 2"],"top_level_mp_term_synonym":["Top Synonym 1","Top Synonym 2"],"intermediate_mp_id":["INTERMP:0001","INTERMP:0002"],"intermediate_mp_term":["Intermediate Phenotype 1","Intermediate Phenotype 2"],"intermediate_mp_term_synonym":["Intermediate Synonym 1","Intermediate Synonym 2"],"child_mp_id":["CHILDMP:0001","CHILDMP:0002"],"child_mp_term":["Child Phenotype 1","Child Phenotype 2"],"child_mp_term_synonym":["Child Synonym 1","Child Synonym 2"],"annotation_term_id":["TERMID:0001","TERMID:0002"],"annotation_term_name":["Term Name 1","Term Name 2"],"name":["Name 1","Name 2"],"accession":["ACC:0001","ACC:0002"],"exp_name":["Experiment 1","Experiment 2"],"large_thumbnail_file_path":"/path/to/large/thumbnail.jpg","small_thumbnail_file_path":"/path/to/small/thumbnail.jpg","inferred_ma_term_id":["MA:0001","MA:0002"],"inferred_ma_term_name":["Ma Term 1","Ma Term 2"],"annotated_higher_level_ma_term_id":["HMA:0001","HMA:0002"],"annotated_higher_level_ma_term_name":["Higher Ma Term 1","Higher Ma Term 2"],"annotated_higher_level_mp_term_id":["HMP:0001","HMP:0002"],"annotated_higher_level_mp_term_name":["Higher Mp Term 1","Higher Mp Term 2"],"inferred_higher_level_ma_term_id":["IHMA:0001","IHMA:0002"],"inferred_higher_level_ma_term_name":["Inferred Higher MA 1","Inferred Higher MA 2"],"annotated_or_inferred_higher_level_ma_term_name":["Annotated/Inferred MA 1","Annotated/Inferred MA 2"],"annotated_or_inferred_higher_level_ma_term_id":["A/IHMA:0001","A/IHMA:0002"],"symbol":["Symbol 1","Symbol 2"],"sanger_symbol":["Sanger 1","Sanger 2"],"gene_name":["Gene Name 1","Gene Name 2"],"subtype":["Subtype 1","Subtype 2"],"gene_synonyms":["Synonym 1","Synonym 2"],"ma_term_id":["MATermID:0001","MATermID:0002"],"ma_term_name":["MA Term Name 1","MA Term Name 2"],"exp_name_exp":["Exp Name 1","Exp Name 2"],"symbol_gene":["SymbolGene 1","SymbolGene 2"],"top_level":["TopLevel 1","TopLevel 2"],"text":["Text 1","Text 2"],"auto_suggest":["Suggest 1","Suggest 2"],"anatomy_qf":["Anatomy Qf 1","Anatomy Qf 2"],"search_term_json":"{\"searchTerm\":\"example\"}","children_json":"[{\"child\":\"example1\"}, {\"child\":\"example2\"}]","scroll_node":"ScrollNodeExample"}
    Forwarded URL = null
   Redirected URL = null
          Cookies = []
]]></system-out>
  </testcase>
</testsuite>